Determining if the pthread_create exist failed with the following output:
Change Dir: /home/mnurzyns/BAKCYL_2k19/gildedrose-refactoring-kata/cpp/build/CMakeFiles/CMakeTmp

Run Build Command:"/usr/bin/make" "cmTC_2875b/fast"
/usr/bin/make -f CMakeFiles/cmTC_2875b.dir/build.make CMakeFiles/cmTC_2875b.dir/build
make[1]: Entering directory '/home/mnurzyns/BAKCYL_2k19/gildedrose-refactoring-kata/cpp/build/CMakeFiles/CMakeTmp'
Building C object CMakeFiles/cmTC_2875b.dir/CheckSymbolExists.c.o
/usr/bin/cc    -o CMakeFiles/cmTC_2875b.dir/CheckSymbolExists.c.o   -c /home/mnurzyns/BAKCYL_2k19/gildedrose-refactoring-kata/cpp/build/CMakeFiles/CMakeTmp/CheckSymbolExists.c
Linking C executable cmTC_2875b
/usr/bin/cmake -E cmake_link_script CMakeFiles/cmTC_2875b.dir/link.txt --verbose=1
/usr/bin/cc      CMakeFiles/cmTC_2875b.dir/CheckSymbolExists.c.o  -o cmTC_2875b 
CMakeFiles/cmTC_2875b.dir/CheckSymbolExists.c.o: In function `main':
CheckSymbolExists.c:(.text+0x1b): undefined reference to `pthread_create'
collect2: error: ld returned 1 exit status
CMakeFiles/cmTC_2875b.dir/build.make:97: recipe for target 'cmTC_2875b' failed
make[1]: *** [cmTC_2875b] Error 1
make[1]: Leaving directory '/home/mnurzyns/BAKCYL_2k19/gildedrose-refactoring-kata/cpp/build/CMakeFiles/CMakeTmp'
Makefile:126: recipe for target 'cmTC_2875b/fast' failed
make: *** [cmTC_2875b/fast] Error 2

File /home/mnurzyns/BAKCYL_2k19/gildedrose-refactoring-kata/cpp/build/CMakeFiles/CMakeTmp/CheckSymbolExists.c:
/* */
#include <pthread.h>

int main(int argc, char** argv)
{
  (void)argv;
#ifndef pthread_create
  return ((int*)(&pthread_create))[argc];
#else
  (void)argc;
  return 0;
#endif
}

Determining if the function pthread_create exists in the pthreads failed with the following output:
Change Dir: /home/mnurzyns/BAKCYL_2k19/gildedrose-refactoring-kata/cpp/build/CMakeFiles/CMakeTmp

Run Build Command:"/usr/bin/make" "cmTC_066e6/fast"
/usr/bin/make -f CMakeFiles/cmTC_066e6.dir/build.make CMakeFiles/cmTC_066e6.dir/build
make[1]: Entering directory '/home/mnurzyns/BAKCYL_2k19/gildedrose-refactoring-kata/cpp/build/CMakeFiles/CMakeTmp'
Building C object CMakeFiles/cmTC_066e6.dir/CheckFunctionExists.c.o
/usr/bin/cc   -DCHECK_FUNCTION_EXISTS=pthread_create   -o CMakeFiles/cmTC_066e6.dir/CheckFunctionExists.c.o   -c /usr/share/cmake-3.10/Modules/CheckFunctionExists.c
Linking C executable cmTC_066e6
/usr/bin/cmake -E cmake_link_script CMakeFiles/cmTC_066e6.dir/link.txt --verbose=1
/usr/bin/cc  -DCHECK_FUNCTION_EXISTS=pthread_create    CMakeFiles/cmTC_066e6.dir/CheckFunctionExists.c.o  -o cmTC_066e6 -lpthreads 
/usr/bin/ld: cannot find -lpthreads
collect2: error: ld returned 1 exit status
CMakeFiles/cmTC_066e6.dir/build.make:97: recipe for target 'cmTC_066e6' failed
make[1]: *** [cmTC_066e6] Error 1
make[1]: Leaving directory '/home/mnurzyns/BAKCYL_2k19/gildedrose-refactoring-kata/cpp/build/CMakeFiles/CMakeTmp'
Makefile:126: recipe for target 'cmTC_066e6/fast' failed
make: *** [cmTC_066e6/fast] Error 2


